21-09-01 11:07 sxdm         INFO     MSG: # of xtals expected: 5

21-09-01 11:07 sxdm         ERROR    Error:couldn't find XDS_ASCII.HKLs /das/home/assman_g/p19370/test_script2.7/serial_script_test/proc_modi/mGlu5_H9259_1/minisets_20191027_022922/xtal_1/XDS_ASCII.HKL
21-09-01 11:07 sxdm         ERROR    Error:couldn't find XDS_ASCII.HKLs /das/home/assman_g/p19370/test_script2.7/serial_script_test/proc_modi/mGlu5_H9259_1/minisets_20191027_022922/xtal_4/XDS_ASCII.HKL
21-09-01 11:07 sxdm         INFO     wrong indexing

21-09-01 11:07 sxdm         INFO     MSG: # of cleaned xtals 2
21-09-01 11:07 root         INFO     lowest-Rmeas file: /das/home/assman_g/p19370/test_script2.7/serial_script_test/proc_modi/mGlu5_H9259_1/minisets_20191027_022922/xtal_2/XDS_ASCII.HKL
21-09-01 11:07 sxdm         INFO     didnot add spg/unit_cell
21-09-01 11:07 sxdm         INFO     MSG:Running 1st round of xscale-ing with Rmeas based ranking

21-09-01 11:07 sxdm         ERROR    there was no XDS_ASCII files, so nothing to XSCALE. Check input/output directory naming
21-09-01 11:07 sxdm         ERROR    ' SUBSET OF INTENSITY DATA WITH SIGNAL/NOISE >= -3.0 AS FUNCTION OF RESOLUTION\n' is not in list
21-09-01 11:07 sxdm         INFO     stat_dict:{'stat': []}
21-09-01 11:07 sxdm         ERROR    xscaling may not have run

21-09-01 11:07 sxdm         ERROR    XDS_ASCII file cannot be read

21-09-01 11:07 sxdm         INFO     Error:'anom'
21-09-01 16:39 sxdm         INFO     MSG: # of xtals expected: 5

21-09-01 16:39 sxdm         ERROR    Error:couldn't find XDS_ASCII.HKLs /das/home/assman_g/p19370/test_script2.7/serial_script_test/proc_modi/mGlu5_H9259_1/minisets_20191027_022922/xtal_1/XDS_ASCII.HKL
21-09-01 16:39 sxdm         ERROR    Error:couldn't find XDS_ASCII.HKLs /das/home/assman_g/p19370/test_script2.7/serial_script_test/proc_modi/mGlu5_H9259_1/minisets_20191027_022922/xtal_4/XDS_ASCII.HKL
21-09-01 16:39 sxdm         INFO     wrong indexing

21-09-01 16:39 sxdm         INFO     MSG: # of cleaned xtals 2
21-09-01 16:39 root         INFO     lowest-Rmeas file: /das/home/assman_g/p19370/test_script2.7/serial_script_test/proc_modi/mGlu5_H9259_1/minisets_20191027_022922/xtal_2/XDS_ASCII.HKL
21-09-01 16:39 sxdm         INFO     didnot add spg/unit_cell
21-09-01 16:39 sxdm         INFO     MSG:Running 1st round of xscale-ing with Rmeas based ranking

21-09-01 16:39 sxdm         ERROR    there was no XDS_ASCII files, so nothing to XSCALE. Check input/output directory naming
21-09-01 16:39 sxdm         ERROR    ' SUBSET OF INTENSITY DATA WITH SIGNAL/NOISE >= -3.0 AS FUNCTION OF RESOLUTION\n' is not in list
21-09-01 16:39 sxdm         INFO     stat_dict:{'stat': []}
21-09-01 16:39 sxdm         ERROR    xscaling may not have run

21-09-01 16:39 sxdm         ERROR    XDS_ASCII file cannot be read

21-09-01 16:39 sxdm         INFO     Error:'anom'
21-09-01 16:46 sxdm         INFO     MSG: # of xtals expected: 5

21-09-01 16:46 sxdm         ERROR    Error:couldn't find XDS_ASCII.HKLs /das/home/assman_g/p19370/test_script2.7/serial_script_test/proc_modi/mGlu5_H9259_1/minisets_20191027_022922/xtal_1/XDS_ASCII.HKL
21-09-01 16:46 sxdm         ERROR    Error:couldn't find XDS_ASCII.HKLs /das/home/assman_g/p19370/test_script2.7/serial_script_test/proc_modi/mGlu5_H9259_1/minisets_20191027_022922/xtal_4/XDS_ASCII.HKL
21-09-01 16:46 sxdm         INFO     wrong indexing

21-09-01 16:46 sxdm         INFO     MSG: # of cleaned xtals 2
21-09-01 16:46 root         INFO     lowest-Rmeas file: /das/home/assman_g/p19370/test_script2.7/serial_script_test/proc_modi/mGlu5_H9259_1/minisets_20191027_022922/xtal_2/XDS_ASCII.HKL
21-09-01 16:46 sxdm         INFO     didnot add spg/unit_cell
21-09-01 16:46 sxdm         INFO     MSG:Running 1st round of xscale-ing with Rmeas based ranking

21-09-01 16:46 sxdm         ERROR    there was no XDS_ASCII files, so nothing to XSCALE. Check input/output directory naming
21-09-01 16:46 sxdm         ERROR    ' SUBSET OF INTENSITY DATA WITH SIGNAL/NOISE >= -3.0 AS FUNCTION OF RESOLUTION\n' is not in list
21-09-01 16:46 sxdm         INFO     stat_dict:{'stat': []}
21-09-01 16:46 sxdm         ERROR    xscaling may not have run

21-09-01 16:46 sxdm         ERROR    XDS_ASCII file cannot be read

21-09-01 16:46 sxdm         INFO     Error:'anom'
21-09-01 16:49 sxdm         INFO     MSG: # of xtals expected: 5

21-09-01 16:49 sxdm         ERROR    Error:couldn't find XDS_ASCII.HKLs /das/home/assman_g/p19370/test_script2.7/serial_script_test/proc_modi/mGlu5_H9259_1/minisets_20191027_022922/xtal_1/XDS_ASCII.HKL
21-09-01 16:49 sxdm         ERROR    Error:couldn't find XDS_ASCII.HKLs /das/home/assman_g/p19370/test_script2.7/serial_script_test/proc_modi/mGlu5_H9259_1/minisets_20191027_022922/xtal_4/XDS_ASCII.HKL
21-09-01 16:49 sxdm         INFO     wrong indexing

21-09-01 16:49 sxdm         INFO     MSG: # of cleaned xtals 2
21-09-01 16:49 root         INFO     lowest-Rmeas file: /das/home/assman_g/p19370/test_script2.7/serial_script_test/proc_modi/mGlu5_H9259_1/minisets_20191027_022922/xtal_2/XDS_ASCII.HKL
21-09-01 16:49 sxdm         INFO     didnot add spg/unit_cell
21-09-01 16:49 sxdm         INFO     MSG:Running 1st round of xscale-ing with Rmeas based ranking

21-09-01 16:49 sxdm         INFO     
21-09-01 16:49 sxdm         INFO          8.94          91      81       441       18.4%      41.1%     37.8%       20    1.48     58.2%    49.8      0    0.000       0
21-09-01 16:49 sxdm         INFO          6.32         116     105       743       14.1%      48.1%     33.8%       22    0.93     68.0%    45.2      0    0.000       0
21-09-01 16:49 sxdm         INFO          5.16         151     140       966       14.5%      52.5%     52.2%       22    0.39     74.3%    41.5      0    0.000       0
21-09-01 16:49 sxdm         INFO          4.47         207     194      1116       17.4%      78.0%    106.2%       26    0.30    110.4%    40.3      0    0.000       0
21-09-01 16:49 sxdm         INFO          4.00         238     221      1263       17.5%     135.2%    208.5%       34    0.16    191.2%     9.2      0    0.000       0
21-09-01 16:49 sxdm         INFO          3.65         226     214      1399       15.3%     258.4%    217.0%       24    0.22    365.4%   -35.4      0    0.000       0
21-09-01 16:49 sxdm         INFO          3.38         215     208      1500       13.9%     107.7%    164.0%       14    0.12    152.3%    -1.2      0    0.000       0
21-09-01 16:49 sxdm         INFO          3.16         250     235      1629       14.4%     187.7%    343.7%       30    0.00    265.5%    33.0      0    0.000       0
21-09-01 16:49 sxdm         INFO          2.98         233     220      1718       12.8%     -99.9%    -99.9%       26    0.00    -99.9%   -26.1      0    0.000       0
21-09-01 16:49 sxdm         INFO          2.83         297     284      1828       15.5%    2280.6%   3010.3%       26   -0.18   3225.2%   -18.4      0    0.000       0
21-09-01 16:49 sxdm         INFO          2.70         281     264      1870       14.1%     -99.9%    -99.9%       34    0.00    -99.9%    -8.5      0    0.000       0
21-09-01 16:49 sxdm         INFO          2.58         301     284      1998       14.2%     -99.9%    -99.9%       34    0.00    -99.9%   -22.5      0    0.000       0
21-09-01 16:49 sxdm         INFO          2.48         275     263      2079       12.7%     -99.9%    -99.9%       24    0.00    -99.9%    69.8      0    0.000       0
21-09-01 16:49 sxdm         INFO          2.39         321     301      2168       13.9%     -99.9%    -99.9%       40    0.00    -99.9%   -54.3      0    0.000       0
21-09-01 16:49 sxdm         INFO          2.31         354     331      2190       15.1%     -99.9%    -99.9%       46    0.00    -99.9%     0.8      0    0.000       0
21-09-01 16:49 sxdm         INFO          2.24         355     333      2335       14.3%     203.1%    245.8%       44    0.16    287.3%   -30.2      0    0.000       0
21-09-01 16:49 sxdm         INFO          2.17         294     275      2350       11.7%     729.4%    987.7%       38    0.08   1031.6%   -36.9      0    0.000       0
21-09-01 16:49 sxdm         INFO          2.11         282     269      2434       11.1%     192.9%    217.8%       26    0.09    272.8%   -36.8      0    0.000       0
21-09-01 16:49 sxdm         INFO          2.05         376     353      2525       14.0%     275.3%    291.6%       46    0.08    389.4%   -39.1      0    0.000       0
21-09-01 16:49 sxdm         INFO          2.00         291     277      2556       10.8%     294.2%    392.5%       28    0.13    416.0%   -44.5      0    0.000       0
21-09-01 16:49 sxdm         INFO     
21-09-01 16:49 sxdm         INFO     stat_dict:{'stat': [{'order': 1, 'resolution_limit': 8.94, 'observed_reflections': 91, 'unique_reflections': 81, 'possible_reflections': 441, 'completeness': 18.4, 'r_factor_observed': 41.1, 'r_factor_expected': 37.8, 'compared_reflections': 20, 'Isigma': 1.48, 'rmeas': 58.2, 'sigAno': 0.0, 'anom_compared': 0.0, 'cc_half': 49.8, 'anomalous_correlation': 0.0}, {'order': 2, 'resolution_limit': 6.32, 'observed_reflections': 116, 'unique_reflections': 105, 'possible_reflections': 743, 'completeness': 14.1, 'r_factor_observed': 48.1, 'r_factor_expected': 33.8, 'compared_reflections': 22, 'Isigma': 0.93, 'rmeas': 68.0, 'sigAno': 0.0, 'anom_compared': 0.0, 'cc_half': 45.2, 'anomalous_correlation': 0.0}, {'order': 3, 'resolution_limit': 5.16, 'observed_reflections': 151, 'unique_reflections': 140, 'possible_reflections': 966, 'completeness': 14.5, 'r_factor_observed': 52.5, 'r_factor_expected': 52.2, 'compared_reflections': 22, 'Isigma': 0.39, 'rmeas': 74.3, 'sigAno': 0.0, 'anom_compared': 0.0, 'cc_half': 41.5, 'anomalous_correlation': 0.0}, {'order': 4, 'resolution_limit': 4.47, 'observed_reflections': 207, 'unique_reflections': 194, 'possible_reflections': 1116, 'completeness': 17.4, 'r_factor_observed': 78.0, 'r_factor_expected': 106.2, 'compared_reflections': 26, 'Isigma': 0.3, 'rmeas': 110.4, 'sigAno': 0.0, 'anom_compared': 0.0, 'cc_half': 40.3, 'anomalous_correlation': 0.0}, {'order': 5, 'resolution_limit': 4.0, 'observed_reflections': 238, 'unique_reflections': 221, 'possible_reflections': 1263, 'completeness': 17.5, 'r_factor_observed': 135.2, 'r_factor_expected': 208.5, 'compared_reflections': 34, 'Isigma': 0.16, 'rmeas': 191.2, 'sigAno': 0.0, 'anom_compared': 0.0, 'cc_half': 9.2, 'anomalous_correlation': 0.0}, {'order': 6, 'resolution_limit': 3.65, 'observed_reflections': 226, 'unique_reflections': 214, 'possible_reflections': 1399, 'completeness': 15.3, 'r_factor_observed': 258.4, 'r_factor_expected': 217.0, 'compared_reflections': 24, 'Isigma': 0.22, 'rmeas': 365.4, 'sigAno': 0.0, 'anom_compared': 0.0, 'cc_half': -35.4, 'anomalous_correlation': 0.0}, {'order': 7, 'resolution_limit': 3.38, 'observed_reflections': 215, 'unique_reflections': 208, 'possible_reflections': 1500, 'completeness': 13.9, 'r_factor_observed': 107.7, 'r_factor_expected': 164.0, 'compared_reflections': 14, 'Isigma': 0.12, 'rmeas': 152.3, 'sigAno': 0.0, 'anom_compared': 0.0, 'cc_half': -1.2, 'anomalous_correlation': 0.0}, {'order': 8, 'resolution_limit': 3.16, 'observed_reflections': 250, 'unique_reflections': 235, 'possible_reflections': 1629, 'completeness': 14.4, 'r_factor_observed': 187.7, 'r_factor_expected': 343.7, 'compared_reflections': 30, 'Isigma': 0.0, 'rmeas': 265.5, 'sigAno': 0.0, 'anom_compared': 0.0, 'cc_half': 33.0, 'anomalous_correlation': 0.0}, {'order': 9, 'resolution_limit': 2.98, 'observed_reflections': 233, 'unique_reflections': 220, 'possible_reflections': 1718, 'completeness': 12.8, 'r_factor_observed': -99.9, 'r_factor_expected': -99.9, 'compared_reflections': 26, 'Isigma': 0.0, 'rmeas': -99.9, 'sigAno': 0.0, 'anom_compared': 0.0, 'cc_half': -26.1, 'anomalous_correlation': 0.0}, {'order': 10, 'resolution_limit': 2.83, 'observed_reflections': 297, 'unique_reflections': 284, 'possible_reflections': 1828, 'completeness': 15.5, 'r_factor_observed': 2280.6, 'r_factor_expected': 3010.3, 'compared_reflections': 26, 'Isigma': -0.18, 'rmeas': 3225.2, 'sigAno': 0.0, 'anom_compared': 0.0, 'cc_half': -18.4, 'anomalous_correlation': 0.0}, {'order': 11, 'resolution_limit': 2.7, 'observed_reflections': 281, 'unique_reflections': 264, 'possible_reflections': 1870, 'completeness': 14.1, 'r_factor_observed': -99.9, 'r_factor_expected': -99.9, 'compared_reflections': 34, 'Isigma': 0.0, 'rmeas': -99.9, 'sigAno': 0.0, 'anom_compared': 0.0, 'cc_half': -8.5, 'anomalous_correlation': 0.0}, {'order': 12, 'resolution_limit': 2.58, 'observed_reflections': 301, 'unique_reflections': 284, 'possible_reflections': 1998, 'completeness': 14.2, 'r_factor_observed': -99.9, 'r_factor_expected': -99.9, 'compared_reflections': 34, 'Isigma': 0.0, 'rmeas': -99.9, 'sigAno': 0.0, 'anom_compared': 0.0, 'cc_half': -22.5, 'anomalous_correlation': 0.0}, {'order': 13, 'resolution_limit': 2.48, 'observed_reflections': 275, 'unique_reflections': 263, 'possible_reflections': 2079, 'completeness': 12.7, 'r_factor_observed': -99.9, 'r_factor_expected': -99.9, 'compared_reflections': 24, 'Isigma': 0.0, 'rmeas': -99.9, 'sigAno': 0.0, 'anom_compared': 0.0, 'cc_half': 69.8, 'anomalous_correlation': 0.0}, {'order': 14, 'resolution_limit': 2.39, 'observed_reflections': 321, 'unique_reflections': 301, 'possible_reflections': 2168, 'completeness': 13.9, 'r_factor_observed': -99.9, 'r_factor_expected': -99.9, 'compared_reflections': 40, 'Isigma': 0.0, 'rmeas': -99.9, 'sigAno': 0.0, 'anom_compared': 0.0, 'cc_half': -54.3, 'anomalous_correlation': 0.0}, {'order': 15, 'resolution_limit': 2.31, 'observed_reflections': 354, 'unique_reflections': 331, 'possible_reflections': 2190, 'completeness': 15.1, 'r_factor_observed': -99.9, 'r_factor_expected': -99.9, 'compared_reflections': 46, 'Isigma': 0.0, 'rmeas': -99.9, 'sigAno': 0.0, 'anom_compared': 0.0, 'cc_half': 0.8, 'anomalous_correlation': 0.0}, {'order': 16, 'resolution_limit': 2.24, 'observed_reflections': 355, 'unique_reflections': 333, 'possible_reflections': 2335, 'completeness': 14.3, 'r_factor_observed': 203.1, 'r_factor_expected': 245.8, 'compared_reflections': 44, 'Isigma': 0.16, 'rmeas': 287.3, 'sigAno': 0.0, 'anom_compared': 0.0, 'cc_half': -30.2, 'anomalous_correlation': 0.0}, {'order': 17, 'resolution_limit': 2.17, 'observed_reflections': 294, 'unique_reflections': 275, 'possible_reflections': 2350, 'completeness': 11.7, 'r_factor_observed': 729.4, 'r_factor_expected': 987.7, 'compared_reflections': 38, 'Isigma': 0.08, 'rmeas': 1031.6, 'sigAno': 0.0, 'anom_compared': 0.0, 'cc_half': -36.9, 'anomalous_correlation': 0.0}, {'order': 18, 'resolution_limit': 2.11, 'observed_reflections': 282, 'unique_reflections': 269, 'possible_reflections': 2434, 'completeness': 11.1, 'r_factor_observed': 192.9, 'r_factor_expected': 217.8, 'compared_reflections': 26, 'Isigma': 0.09, 'rmeas': 272.8, 'sigAno': 0.0, 'anom_compared': 0.0, 'cc_half': -36.8, 'anomalous_correlation': 0.0}, {'order': 19, 'resolution_limit': 2.05, 'observed_reflections': 376, 'unique_reflections': 353, 'possible_reflections': 2525, 'completeness': 14.0, 'r_factor_observed': 275.3, 'r_factor_expected': 291.6, 'compared_reflections': 46, 'Isigma': 0.08, 'rmeas': 389.4, 'sigAno': 0.0, 'anom_compared': 0.0, 'cc_half': -39.1, 'anomalous_correlation': 0.0}, {'order': 20, 'resolution_limit': 2.0, 'observed_reflections': 291, 'unique_reflections': 277, 'possible_reflections': 2556, 'completeness': 10.8, 'r_factor_observed': 294.2, 'r_factor_expected': 392.5, 'compared_reflections': 28, 'Isigma': 0.13, 'rmeas': 416.0, 'sigAno': 0.0, 'anom_compared': 0.0, 'cc_half': -44.5, 'anomalous_correlation': 0.0}]}
21-09-01 16:49 sxdm         INFO     running xscale after ISa selection

21-09-01 16:49 sxdm         ERROR    [Errno 17] File exists: '/das/home/assman_g/p19370/test_script2.7/serial_script_test/proc_modi/mGlu5_H9259_1/minisets_20191027_022922/xtal_2/XDS_ASCII.HKL' -> 'reference.HKL'
21-09-01 16:49 sxdm         INFO     
21-09-01 16:49 sxdm         INFO          8.94          91      81       441       18.4%      41.1%     37.8%       20    1.48     58.2%    49.8      0    0.000       0
21-09-01 16:49 sxdm         INFO          6.32         116     105       743       14.1%      48.1%     33.8%       22    0.93     68.0%    45.2      0    0.000       0
21-09-01 16:49 sxdm         INFO          5.16         151     140       966       14.5%      52.5%     52.2%       22    0.39     74.3%    41.5      0    0.000       0
21-09-01 16:49 sxdm         INFO          4.47         207     194      1116       17.4%      78.0%    106.2%       26    0.30    110.4%    40.3      0    0.000       0
21-09-01 16:49 sxdm         INFO          4.00         238     221      1263       17.5%     135.2%    208.5%       34    0.16    191.2%     9.2      0    0.000       0
21-09-01 16:49 sxdm         INFO          3.65         226     214      1399       15.3%     258.4%    217.0%       24    0.22    365.4%   -35.4      0    0.000       0
21-09-01 16:49 sxdm         INFO          3.38         215     208      1500       13.9%     107.7%    164.0%       14    0.12    152.3%    -1.2      0    0.000       0
21-09-01 16:49 sxdm         INFO          3.16         250     235      1629       14.4%     187.7%    343.7%       30    0.00    265.5%    33.0      0    0.000       0
21-09-01 16:49 sxdm         INFO          2.98         233     220      1718       12.8%     -99.9%    -99.9%       26    0.00    -99.9%   -26.1      0    0.000       0
21-09-01 16:49 sxdm         INFO          2.83         297     284      1828       15.5%    2280.6%   3010.3%       26   -0.18   3225.2%   -18.4      0    0.000       0
21-09-01 16:49 sxdm         INFO          2.70         281     264      1870       14.1%     -99.9%    -99.9%       34    0.00    -99.9%    -8.5      0    0.000       0
21-09-01 16:49 sxdm         INFO          2.58         301     284      1998       14.2%     -99.9%    -99.9%       34    0.00    -99.9%   -22.5      0    0.000       0
21-09-01 16:49 sxdm         INFO          2.48         275     263      2079       12.7%     -99.9%    -99.9%       24    0.00    -99.9%    69.8      0    0.000       0
21-09-01 16:49 sxdm         INFO          2.39         321     301      2168       13.9%     -99.9%    -99.9%       40    0.00    -99.9%   -54.3      0    0.000       0
21-09-01 16:49 sxdm         INFO          2.31         354     331      2190       15.1%     -99.9%    -99.9%       46    0.00    -99.9%     0.8      0    0.000       0
21-09-01 16:49 sxdm         INFO          2.24         355     333      2335       14.3%     203.1%    245.8%       44    0.16    287.3%   -30.2      0    0.000       0
21-09-01 16:49 sxdm         INFO          2.17         294     275      2350       11.7%     729.4%    987.7%       38    0.08   1031.6%   -36.9      0    0.000       0
21-09-01 16:49 sxdm         INFO          2.11         282     269      2434       11.1%     192.9%    217.8%       26    0.09    272.8%   -36.8      0    0.000       0
21-09-01 16:49 sxdm         INFO          2.05         376     353      2525       14.0%     275.3%    291.6%       46    0.08    389.4%   -39.1      0    0.000       0
21-09-01 16:49 sxdm         INFO          2.00         291     277      2556       10.8%     294.2%    392.5%       28    0.13    416.0%   -44.5      0    0.000       0
21-09-01 16:49 sxdm         INFO     
21-09-01 16:49 sxdm         INFO     stat_dict:{'stat': [{'order': 1, 'resolution_limit': 8.94, 'observed_reflections': 91, 'unique_reflections': 81, 'possible_reflections': 441, 'completeness': 18.4, 'r_factor_observed': 41.1, 'r_factor_expected': 37.8, 'compared_reflections': 20, 'Isigma': 1.48, 'rmeas': 58.2, 'sigAno': 0.0, 'anom_compared': 0.0, 'cc_half': 49.8, 'anomalous_correlation': 0.0}, {'order': 2, 'resolution_limit': 6.32, 'observed_reflections': 116, 'unique_reflections': 105, 'possible_reflections': 743, 'completeness': 14.1, 'r_factor_observed': 48.1, 'r_factor_expected': 33.8, 'compared_reflections': 22, 'Isigma': 0.93, 'rmeas': 68.0, 'sigAno': 0.0, 'anom_compared': 0.0, 'cc_half': 45.2, 'anomalous_correlation': 0.0}, {'order': 3, 'resolution_limit': 5.16, 'observed_reflections': 151, 'unique_reflections': 140, 'possible_reflections': 966, 'completeness': 14.5, 'r_factor_observed': 52.5, 'r_factor_expected': 52.2, 'compared_reflections': 22, 'Isigma': 0.39, 'rmeas': 74.3, 'sigAno': 0.0, 'anom_compared': 0.0, 'cc_half': 41.5, 'anomalous_correlation': 0.0}, {'order': 4, 'resolution_limit': 4.47, 'observed_reflections': 207, 'unique_reflections': 194, 'possible_reflections': 1116, 'completeness': 17.4, 'r_factor_observed': 78.0, 'r_factor_expected': 106.2, 'compared_reflections': 26, 'Isigma': 0.3, 'rmeas': 110.4, 'sigAno': 0.0, 'anom_compared': 0.0, 'cc_half': 40.3, 'anomalous_correlation': 0.0}, {'order': 5, 'resolution_limit': 4.0, 'observed_reflections': 238, 'unique_reflections': 221, 'possible_reflections': 1263, 'completeness': 17.5, 'r_factor_observed': 135.2, 'r_factor_expected': 208.5, 'compared_reflections': 34, 'Isigma': 0.16, 'rmeas': 191.2, 'sigAno': 0.0, 'anom_compared': 0.0, 'cc_half': 9.2, 'anomalous_correlation': 0.0}, {'order': 6, 'resolution_limit': 3.65, 'observed_reflections': 226, 'unique_reflections': 214, 'possible_reflections': 1399, 'completeness': 15.3, 'r_factor_observed': 258.4, 'r_factor_expected': 217.0, 'compared_reflections': 24, 'Isigma': 0.22, 'rmeas': 365.4, 'sigAno': 0.0, 'anom_compared': 0.0, 'cc_half': -35.4, 'anomalous_correlation': 0.0}, {'order': 7, 'resolution_limit': 3.38, 'observed_reflections': 215, 'unique_reflections': 208, 'possible_reflections': 1500, 'completeness': 13.9, 'r_factor_observed': 107.7, 'r_factor_expected': 164.0, 'compared_reflections': 14, 'Isigma': 0.12, 'rmeas': 152.3, 'sigAno': 0.0, 'anom_compared': 0.0, 'cc_half': -1.2, 'anomalous_correlation': 0.0}, {'order': 8, 'resolution_limit': 3.16, 'observed_reflections': 250, 'unique_reflections': 235, 'possible_reflections': 1629, 'completeness': 14.4, 'r_factor_observed': 187.7, 'r_factor_expected': 343.7, 'compared_reflections': 30, 'Isigma': 0.0, 'rmeas': 265.5, 'sigAno': 0.0, 'anom_compared': 0.0, 'cc_half': 33.0, 'anomalous_correlation': 0.0}, {'order': 9, 'resolution_limit': 2.98, 'observed_reflections': 233, 'unique_reflections': 220, 'possible_reflections': 1718, 'completeness': 12.8, 'r_factor_observed': -99.9, 'r_factor_expected': -99.9, 'compared_reflections': 26, 'Isigma': 0.0, 'rmeas': -99.9, 'sigAno': 0.0, 'anom_compared': 0.0, 'cc_half': -26.1, 'anomalous_correlation': 0.0}, {'order': 10, 'resolution_limit': 2.83, 'observed_reflections': 297, 'unique_reflections': 284, 'possible_reflections': 1828, 'completeness': 15.5, 'r_factor_observed': 2280.6, 'r_factor_expected': 3010.3, 'compared_reflections': 26, 'Isigma': -0.18, 'rmeas': 3225.2, 'sigAno': 0.0, 'anom_compared': 0.0, 'cc_half': -18.4, 'anomalous_correlation': 0.0}, {'order': 11, 'resolution_limit': 2.7, 'observed_reflections': 281, 'unique_reflections': 264, 'possible_reflections': 1870, 'completeness': 14.1, 'r_factor_observed': -99.9, 'r_factor_expected': -99.9, 'compared_reflections': 34, 'Isigma': 0.0, 'rmeas': -99.9, 'sigAno': 0.0, 'anom_compared': 0.0, 'cc_half': -8.5, 'anomalous_correlation': 0.0}, {'order': 12, 'resolution_limit': 2.58, 'observed_reflections': 301, 'unique_reflections': 284, 'possible_reflections': 1998, 'completeness': 14.2, 'r_factor_observed': -99.9, 'r_factor_expected': -99.9, 'compared_reflections': 34, 'Isigma': 0.0, 'rmeas': -99.9, 'sigAno': 0.0, 'anom_compared': 0.0, 'cc_half': -22.5, 'anomalous_correlation': 0.0}, {'order': 13, 'resolution_limit': 2.48, 'observed_reflections': 275, 'unique_reflections': 263, 'possible_reflections': 2079, 'completeness': 12.7, 'r_factor_observed': -99.9, 'r_factor_expected': -99.9, 'compared_reflections': 24, 'Isigma': 0.0, 'rmeas': -99.9, 'sigAno': 0.0, 'anom_compared': 0.0, 'cc_half': 69.8, 'anomalous_correlation': 0.0}, {'order': 14, 'resolution_limit': 2.39, 'observed_reflections': 321, 'unique_reflections': 301, 'possible_reflections': 2168, 'completeness': 13.9, 'r_factor_observed': -99.9, 'r_factor_expected': -99.9, 'compared_reflections': 40, 'Isigma': 0.0, 'rmeas': -99.9, 'sigAno': 0.0, 'anom_compared': 0.0, 'cc_half': -54.3, 'anomalous_correlation': 0.0}, {'order': 15, 'resolution_limit': 2.31, 'observed_reflections': 354, 'unique_reflections': 331, 'possible_reflections': 2190, 'completeness': 15.1, 'r_factor_observed': -99.9, 'r_factor_expected': -99.9, 'compared_reflections': 46, 'Isigma': 0.0, 'rmeas': -99.9, 'sigAno': 0.0, 'anom_compared': 0.0, 'cc_half': 0.8, 'anomalous_correlation': 0.0}, {'order': 16, 'resolution_limit': 2.24, 'observed_reflections': 355, 'unique_reflections': 333, 'possible_reflections': 2335, 'completeness': 14.3, 'r_factor_observed': 203.1, 'r_factor_expected': 245.8, 'compared_reflections': 44, 'Isigma': 0.16, 'rmeas': 287.3, 'sigAno': 0.0, 'anom_compared': 0.0, 'cc_half': -30.2, 'anomalous_correlation': 0.0}, {'order': 17, 'resolution_limit': 2.17, 'observed_reflections': 294, 'unique_reflections': 275, 'possible_reflections': 2350, 'completeness': 11.7, 'r_factor_observed': 729.4, 'r_factor_expected': 987.7, 'compared_reflections': 38, 'Isigma': 0.08, 'rmeas': 1031.6, 'sigAno': 0.0, 'anom_compared': 0.0, 'cc_half': -36.9, 'anomalous_correlation': 0.0}, {'order': 18, 'resolution_limit': 2.11, 'observed_reflections': 282, 'unique_reflections': 269, 'possible_reflections': 2434, 'completeness': 11.1, 'r_factor_observed': 192.9, 'r_factor_expected': 217.8, 'compared_reflections': 26, 'Isigma': 0.09, 'rmeas': 272.8, 'sigAno': 0.0, 'anom_compared': 0.0, 'cc_half': -36.8, 'anomalous_correlation': 0.0}, {'order': 19, 'resolution_limit': 2.05, 'observed_reflections': 376, 'unique_reflections': 353, 'possible_reflections': 2525, 'completeness': 14.0, 'r_factor_observed': 275.3, 'r_factor_expected': 291.6, 'compared_reflections': 46, 'Isigma': 0.08, 'rmeas': 389.4, 'sigAno': 0.0, 'anom_compared': 0.0, 'cc_half': -39.1, 'anomalous_correlation': 0.0}, {'order': 20, 'resolution_limit': 2.0, 'observed_reflections': 291, 'unique_reflections': 277, 'possible_reflections': 2556, 'completeness': 10.8, 'r_factor_observed': 294.2, 'r_factor_expected': 392.5, 'compared_reflections': 28, 'Isigma': 0.13, 'rmeas': 416.0, 'sigAno': 0.0, 'anom_compared': 0.0, 'cc_half': -44.5, 'anomalous_correlation': 0.0}]}
21-09-01 16:49 sxdm         ERROR    negative dimensions are not allowed
21-09-01 16:49 sxdm         ERROR    negative dimensions are not allowed
21-09-01 16:49 sxdm         INFO     Error: The number of observations cannot be determined on an empty distance matrix.
21-09-01 16:49 sxdm         INFO     Anisotropy:a* =  5.14, b*=  0.00, c*=  0.00
21-09-01 16:49 sxdm         INFO     running xdsconv
21-09-01 16:49 sxdm         INFO     running xdsconv
21-09-01 16:49 sxdm         INFO     mtz-create-info:could not create mtz; file may not exist
21-09-01 16:49 sxdm         INFO     mtz-create-info:could not create mtz; file may not exist
21-09-02 10:57 sxdm         INFO     MSG: # of xtals expected: 5

21-09-02 10:57 sxdm         ERROR    Error:couldn't find XDS_ASCII.HKLs /das/home/assman_g/p19370/test_script2.7/serial_script_test/proc_modi/mGlu5_H9259_1/minisets_20191027_022922/xtal_1/XDS_ASCII.HKL
21-09-02 10:57 sxdm         ERROR    Error:couldn't find XDS_ASCII.HKLs /das/home/assman_g/p19370/test_script2.7/serial_script_test/proc_modi/mGlu5_H9259_1/minisets_20191027_022922/xtal_4/XDS_ASCII.HKL
21-09-02 10:57 sxdm         INFO     wrong indexing

21-09-02 10:57 sxdm         INFO     MSG: # of cleaned xtals 2
21-09-02 10:57 root         INFO     lowest-Rmeas file: /das/home/assman_g/p19370/test_script2.7/serial_script_test/proc_modi/mGlu5_H9259_1/minisets_20191027_022922/xtal_2/XDS_ASCII.HKL
21-09-02 10:57 sxdm         INFO     Error: [Errno 17] File exists: '/das/home/assman_g/p19370/test_script2.7/serial_script_test/proc_modi/mGlu5_H9259_1/minisets_20191027_022922/xtal_2/XDS_ASCII.HKL' -> 'reference.HKL'
21-09-02 10:57 sxdm         INFO     Anisotropy:a* =  5.14, b*=  0.00, c*=  0.00
21-09-02 10:57 sxdm         INFO     running xdsconv
21-09-02 10:57 sxdm         INFO     running xdsconv
21-09-02 10:57 sxdm         INFO     mtz-create-info:could not create mtz; file may not exist
21-09-02 10:57 sxdm         INFO     mtz-create-info:could not create mtz; file may not exist
21-09-02 11:06 sxdm         INFO     MSG: # of xtals expected: 5

21-09-02 11:06 sxdm         ERROR    Error:couldn't find XDS_ASCII.HKLs /das/home/assman_g/p19370/test_script2.7/serial_script_test/proc_modi/mGlu5_H9259_1/minisets_20191027_022922/xtal_1/XDS_ASCII.HKL
21-09-02 11:06 sxdm         ERROR    Error:couldn't find XDS_ASCII.HKLs /das/home/assman_g/p19370/test_script2.7/serial_script_test/proc_modi/mGlu5_H9259_1/minisets_20191027_022922/xtal_4/XDS_ASCII.HKL
21-09-02 11:06 sxdm         INFO     wrong indexing

21-09-02 11:06 sxdm         INFO     MSG: # of cleaned xtals 2
21-09-02 11:06 root         INFO     lowest-Rmeas file: /das/home/assman_g/p19370/test_script2.7/serial_script_test/proc_modi/mGlu5_H9259_1/minisets_20191027_022922/xtal_2/XDS_ASCII.HKL
21-09-02 11:06 sxdm         INFO     Error: [Errno 17] File exists: '/das/home/assman_g/p19370/test_script2.7/serial_script_test/proc_modi/mGlu5_H9259_1/minisets_20191027_022922/xtal_2/XDS_ASCII.HKL' -> 'reference.HKL'
21-09-02 11:06 sxdm         INFO     Anisotropy:a* =  5.14, b*=  0.00, c*=  0.00
21-09-02 11:06 sxdm         INFO     running xdsconv
21-09-02 11:06 sxdm         INFO     running xdsconv
21-09-02 11:06 sxdm         INFO     mtz-create-info:could not create mtz; file may not exist
21-09-02 11:06 sxdm         INFO     mtz-create-info:could not create mtz; file may not exist
